Analyzing contract: /code/ethernaut/03-Coin_Flip/Test.sol:Test
echidna_test_flip: failed!💥  
  Call sequence:
    flip(false) from: 0x0000000000000000000000000000000000010000 Time delay: 545823 seconds Block delay: 48082
    flip(false) from: 0x0000000000000000000000000000000000010000 Time delay: 583533 seconds Block delay: 42959
    flip(false) from: 0x0000000000000000000000000000000000010000 Time delay: 214909 seconds Block delay: 25147
    flip(false) from: 0x0000000000000000000000000000000000010000 Time delay: 102410 seconds Block delay: 23383
    flip(false) from: 0x0000000000000000000000000000000000010000 Time delay: 82672 seconds Block delay: 41011
    flip(true) from: 0x0000000000000000000000000000000000010000 Time delay: 261516 seconds Block delay: 1
    flip(false) from: 0x0000000000000000000000000000000000010000 Time delay: 484080 seconds Block delay: 10976
    flip(false) from: 0x0000000000000000000000000000000000010000 Time delay: 472019 seconds Block delay: 16639
    flip(true) from: 0x0000000000000000000000000000000000010000 Time delay: 27373 seconds Block delay: 40067
    flip(false) from: 0x0000000000000000000000000000000000010000 Time delay: 312250 seconds Block delay: 50253
    flip(false) from: 0x0000000000000000000000000000000000010000 Time delay: 156509 seconds Block delay: 59983
    flip(true) from: 0x0000000000000000000000000000000000010000 Time delay: 152163 seconds Block delay: 9
    flip(false) from: 0x0000000000000000000000000000000000010000 Time delay: 551235 seconds Block delay: 28677
    flip(true) from: 0x0000000000000000000000000000000000010000 Time delay: 106333 seconds Block delay: 57268
    flip(false) from: 0x0000000000000000000000000000000000010000 Time delay: 84766 seconds Block delay: 4736
    *wait* Time delay: 311327 seconds Block delay: 2676
    flip(true) from: 0x0000000000000000000000000000000000010000 Time delay: 573089 seconds Block delay: 21068
    flip(false) from: 0x0000000000000000000000000000000000010000 Time delay: 187274 seconds Block delay: 1650
    flip(false) from: 0x0000000000000000000000000000000000010000 Time delay: 10625 seconds Block delay: 50071
    flip(false) from: 0x0000000000000000000000000000000000010000 Time delay: 445773 seconds Block delay: 18160



Unique instructions: 363
Unique codehashes: 1
Corpus size: 6
Seed: -3908030264685272742
